<?xml version="1.0" encoding="UTF-8"?>
<!-- Generated by org.testng.reporters.JUnitReportReporter -->
<testsuite hostname="DESKTOP-B9T832L" failures="0" tests="1" name="testCases.TestCase_1" time="2.904" errors="0" timestamp="2023-06-25T06:50:11 IST" skipped="0">
  <testcase classname="testCases.TestCase_1" name="login" time="2.904"/>
  <system-out/>
</testsuite> <!-- testCases.TestCase_1 -->
