<?xml version="1.0" encoding="UTF-8"?>
<!-- Generated by org.testng.reporters.JUnitReportReporter -->
<testsuite hostname="DESKTOP-B9T832L" failures="0" tests="1" name="exp.EXP_1" time="10.549" errors="0" timestamp="2023-06-18T19:37:04 IST" skipped="0">
  <testcase classname="exp.EXP_1" name="E_1" time="10.549"/>
  <system-out/>
</testsuite> <!-- exp.EXP_1 -->
