<?xml version="1.0" encoding="UTF-8"?>
<!-- Generated by org.testng.reporters.JUnitReportReporter -->
<testsuite hostname="DESKTOP-B9T832L" failures="0" tests="5" name="checkworking.Exp" time="0.009" errors="0" timestamp="2023-06-03T13:39:13 IST" skipped="0">
  <testcase classname="checkworking.Exp" name="f" time="0.006"/>
  <system-out/>
  <testcase classname="checkworking.Exp" name="test1" time="0.001"/>
  <system-out/>
  <testcase classname="checkworking.Exp" name="openapp" time="0.001"/>
  <system-out/>
  <testcase classname="checkworking.Exp" name="login" time="0.000"/>
  <system-out/>
  <testcase classname="checkworking.Exp" name="logout" time="0.001"/>
  <system-out/>
</testsuite> <!-- checkworking.Exp -->
